0 info it worked if it ends with ok
1 verbose cli [ 'C:\\Program Files\\nodejs\\node.exe',
1 verbose cli   'C:\\Program Files\\nodejs\\node_modules\\npm\\bin\\npm-cli.js',
1 verbose cli   'run',
1 verbose cli   'start',
1 verbose cli   'task5/app.js' ]
2 info using npm@3.10.10
3 info using node@v6.10.2
4 verbose run-script [ 'prestart', 'start', 'poststart' ]
5 info lifecycle Node.js@1.0.0~prestart: Node.js@1.0.0
6 silly lifecycle Node.js@1.0.0~prestart: no script for prestart, continuing
7 info lifecycle Node.js@1.0.0~start: Node.js@1.0.0
8 verbose lifecycle Node.js@1.0.0~start: unsafe-perm in lifecycle true
9 verbose lifecycle Node.js@1.0.0~start: PATH: C:\Users\Alexander\AppData\Roaming\nvm\v6.10.2\node_modules\npm\bin\node-gyp-bin;D:\dev\projects\geekbrains\node\www\node_modules\.bin;C:\Program Files\Git\mingw64\bin;C:\Program Files\Git\usr\bin;C:\Users\Alexander\bin;C:\ProgramData\Oracle\Java\javapath;C:\Windows\system32;C:\Windows;C:\Windows\System32\Wbem;C:\Windows\System32\WindowsPowerShell\v1.0;C:\Program Files (x86)\NVIDIA Corporation\PhysX\Common;D:\HashiCorp\Vagrant\bin;C:\Program Files\OpenVPN\bin;C:\Program Files\Git\cmd;C:\Program Files (x86)\Skype\Phone;C:\ProgramData\chocolatey\bin;C:\Program Files (x86)\Yarn\bin;C:\Users\Alexander\AppData\Roaming\nvm;C:\Program Files\nodejs;C:\Ruby23-x64\bin;C:\Users\Alexander\AppData\Local\Microsoft\WindowsApps;C:\Program Files (x86)\JetBrains\PhpStorm 2016.3\bin;C:\Users\Alexander\AppData\Roaming\npm;C:\Users\Alexander\AppData\Local\Yarn\.bin;C:\Users\Alexander\AppData\Roaming\nvm;C:\Program Files\nodejs
10 verbose lifecycle Node.js@1.0.0~start: CWD: D:\dev\projects\geekbrains\node\www
11 silly lifecycle Node.js@1.0.0~start: Args: [ '/d /s /c', 'nodemon --ignore node_modules "task5/app.js"' ]
12 verbose stack Error: kill ENOSYS
12 verbose stack     at exports._errnoException (util.js:1018:11)
12 verbose stack     at process.kill (internal/process.js:190:13)
12 verbose stack     at process.listener (C:\Users\Alexander\AppData\Roaming\nvm\v6.10.2\node_modules\npm\node_modules\npmlog\node_modules\gauge\node_modules\signal-exit\index.js:86:15)
12 verbose stack     at emitNone (events.js:91:20)
12 verbose stack     at process.emit (events.js:185:7)
12 verbose stack     at processEmit (C:\Users\Alexander\AppData\Roaming\nvm\v6.10.2\node_modules\npm\node_modules\npmlog\node_modules\gauge\node_modules\signal-exit\index.js:146:32)
12 verbose stack     at processEmit (C:\Users\Alexander\AppData\Roaming\nvm\v6.10.2\node_modules\npm\node_modules\npm-registry-client\node_modules\npmlog\node_modules\gauge\node_modules\signal-exit\index.js:146:32)
12 verbose stack     at Signal.wrap.onsignal (internal/process.js:217:44)
13 verbose cwd D:\dev\projects\geekbrains\node\www
14 error Windows_NT 10.0.14393
15 error argv "C:\\Program Files\\nodejs\\node.exe" "C:\\Program Files\\nodejs\\node_modules\\npm\\bin\\npm-cli.js" "run" "start" "task5/app.js"
16 error node v6.10.2
17 error npm  v3.10.10
18 error code ENOSYS
19 error errno ENOSYS
20 error syscall kill
21 error kill ENOSYS
22 error If you need help, you may report this error at:
22 error     <https://github.com/npm/npm/issues>
23 verbose exit [ 1, true ]
